2023-10-06 18:33:14,299+0300 INFO  miktex - this is One MiKTeX Utility 1.8 (MiKTeX 23.10 Portable)
2023-10-06 18:33:14,299+0300 INFO  miktex - this process (12204) started by miktex-portable in directory C:\Users\andre\Desktop with command line: miktex --disable-installer --verbose fndb remove
2023-10-06 18:33:14,299+0300 INFO  miktex - Removing C:\Users\andre\Desktop\MikTex\texmfs\config\miktex\data\le\texmf.fndb-5...
2023-10-06 18:33:14,300+0300 ERROR miktex.core - The system cannot find the path specified.

2023-10-06 18:33:14,300+0300 ERROR miktex.core - Function: GetFileAttributesW
2023-10-06 18:33:14,300+0300 ERROR miktex.core - Result: 3
2023-10-06 18:33:14,300+0300 ERROR miktex.core - Data: path="C:\Users\andre\Desktop\MikTex\texmfs/config\miktex/data/le\texmf.fndb-5"
2023-10-06 18:33:14,300+0300 ERROR miktex.core - Source: Libraries\MiKTeX\Core\File\win\winFile.cpp:132
2023-10-06 18:33:14,301+0300 FATAL miktex - Windows API error 3: The system cannot find the path specified.

2023-10-06 18:33:14,301+0300 FATAL miktex - Info: path="C:\Users\andre\Desktop\MikTex\texmfs/config\miktex/data/le\texmf.fndb-5"
2023-10-06 18:33:14,301+0300 FATAL miktex - Source: Libraries\MiKTeX\Core\File\win\winFile.cpp
2023-10-06 18:33:14,301+0300 FATAL miktex - Line: 132
2023-10-06 18:33:14,302+0300 INFO  miktex - this process (12204) finishes with exit code 1
2023-10-06 18:33:14,828+0300 INFO  miktex - this is One MiKTeX Utility 1.8 (MiKTeX 23.10 Portable)
2023-10-06 18:33:14,828+0300 INFO  miktex - this process (13392) started by miktex-portable in directory C:\Users\andre\Desktop with command line: miktex --disable-installer --verbose fndb refresh
2023-10-06 18:33:14,829+0300 INFO  miktex - Creating FNDB for common root directory (C:\Users\andre\Desktop\MikTex\texmfs\config)...
2023-10-06 18:33:14,843+0300 INFO  miktex - Creating FNDB for common root directory (C:\Users\andre\Desktop\MikTex\texmfs\data)...
2023-10-06 18:33:14,851+0300 INFO  miktex - Creating FNDB for common root directory (C:\Users\andre\Desktop\MikTex\texmfs\install)...
2023-10-06 18:33:17,350+0300 WARN  miktex.packagemanager - dependency problem: showframe is required by _miktex-latex-packages
2023-10-06 18:33:17,350+0300 WARN  miktex.packagemanager - dependency problem: thailatex is required by _miktex-latex-packages
2023-10-06 18:33:17,412+0300 INFO  miktex - Refreshing FNDB for MPM...
2023-10-06 18:33:20,368+0300 INFO  miktex - this process (13392) finishes with exit code 0
2023-10-06 18:33:20,649+0300 INFO  miktex - this is One MiKTeX Utility 1.8 (MiKTeX 23.10 Portable)
2023-10-06 18:33:20,650+0300 INFO  miktex - this process (19812) started by miktex-portable in directory C:\Users\andre\Desktop with command line: miktex --disable-installer --verbose links install --force
2023-10-06 18:33:20,650+0300 INFO  miktex - Installing links in target directory C:\Users\andre\Desktop\MikTex\texmfs\install\miktex\bin\x64...
2023-10-06 18:33:22,094+0300 INFO  miktex - this process (19812) finishes with exit code 0
2023-10-06 18:33:22,383+0300 INFO  miktex - this is One MiKTeX Utility 1.8 (MiKTeX 23.10 Portable)
2023-10-06 18:33:22,383+0300 INFO  miktex - this process (11752) started by miktex-portable in directory C:\Users\andre\Desktop with command line: miktex --disable-installer --verbose fontmaps configure
2023-10-06 18:33:22,384+0300 INFO  miktex - Parsing configuration file C:\Users\andre\Desktop\MikTex\texmfs\install\miktex/config\updmap.cfg...
2023-10-06 18:33:22,546+0300 INFO  miktex - Writing C:\Users\andre\Desktop\MikTex\texmfs/data\fonts\map\dvipdfmx\kanjix.map...
2023-10-06 18:33:22,551+0300 INFO  miktex - Writing C:\Users\andre\Desktop\MikTex\texmfs/data\fonts\map\dvips\builtin35.map...
2023-10-06 18:33:22,558+0300 INFO  miktex - Writing C:\Users\andre\Desktop\MikTex\texmfs/data\fonts\map\dvips\download35.map...
2023-10-06 18:33:22,563+0300 INFO  miktex - Writing C:\Users\andre\Desktop\MikTex\texmfs/data\fonts\map\dvips\ps2pk.map...
2023-10-06 18:33:22,576+0300 INFO  miktex - Writing C:\Users\andre\Desktop\MikTex\texmfs/data\fonts\map\dvips\psfonts_pk.map...
2023-10-06 18:33:22,587+0300 INFO  miktex - Writing C:\Users\andre\Desktop\MikTex\texmfs/data\fonts\map\dvips\psfonts_t1.map...
2023-10-06 18:33:22,601+0300 INFO  miktex - Writing C:\Users\andre\Desktop\MikTex\texmfs/data\fonts\map\pdftex\pdftex_dl14.map...
2023-10-06 18:33:22,614+0300 INFO  miktex - Writing C:\Users\andre\Desktop\MikTex\texmfs/data\fonts\map\pdftex\pdftex_ndl14.map...
2023-10-06 18:33:22,627+0300 INFO  miktex - Copying C:\Users\andre\Desktop\MikTex\texmfs/data\fonts\map\dvips\psfonts_t1.map
2023-10-06 18:33:22,627+0300 INFO  miktex -      to C:\Users\andre\Desktop\MikTex\texmfs/data\fonts\map\dvips\psfonts.map...
2023-10-06 18:33:22,632+0300 INFO  miktex - Copying C:\Users\andre\Desktop\MikTex\texmfs/data\fonts\map\pdftex\pdftex_dl14.map
2023-10-06 18:33:22,632+0300 INFO  miktex -      to C:\Users\andre\Desktop\MikTex\texmfs/data\fonts\map\pdftex\pdftex.map...
2023-10-06 18:33:22,644+0300 INFO  miktex - running: miktex-fc-cache --verbose --miktex-disable-maintenance --miktex-disable-diagnose
2023-10-06 18:33:22,644+0300 INFO  miktex.core - start process: miktex-fc-cache --verbose --miktex-disable-maintenance --miktex-disable-diagnose
2023-10-06 18:33:25,756+0300 INFO  miktex - C:/Windows/Fonts: skipping, existing cache is valid: 808 fonts, 0 dirs
2023-10-06 18:33:25,758+0300 INFO  miktex - C:/Users/andre/Desktop/MikTex/texmfs/install/fonts/opentype: skipping, existing cache is valid: 0 fonts, 1 dirs
2023-10-06 18:33:25,760+0300 INFO  miktex - C:/Users/andre/Desktop/MikTex/texmfs/install/fonts/opentype/public: skipping, existing cache is valid: 0 fonts, 1 dirs
2023-10-06 18:33:25,763+0300 INFO  miktex - C:/Users/andre/Desktop/MikTex/texmfs/install/fonts/opentype/public/lm: skipping, existing cache is valid: 72 fonts, 0 dirs
2023-10-06 18:33:25,763+0300 INFO  miktex - C:/Users/andre/.local/share/fonts: skipping, no such directory
2023-10-06 18:33:25,763+0300 INFO  miktex - C:/Users/andre/.fonts: skipping, no such directory
2023-10-06 18:33:25,763+0300 INFO  miktex - C:/Users/andre/Desktop/MikTex/texmfs/install/fonts/opentype/public: skipping, looped directory detected
2023-10-06 18:33:25,834+0300 INFO  miktex - C:/Users/andre/Desktop/MikTex/texmfs/install/fonts/opentype/public/lm: skipping, looped directory detected
2023-10-06 18:33:25,834+0300 INFO  miktex - C:/Users/andre/Desktop/MikTex/texmfs/data/fontconfig/cache: cleaning cache directory
2023-10-06 18:33:25,834+0300 INFO  miktex - C:/Users/andre/.cache/fontconfig: not cleaning non-existent cache directory
2023-10-06 18:33:25,836+0300 INFO  miktex - C:/Users/andre/.fontconfig: not cleaning non-existent cache directory
2023-10-06 18:33:25,836+0300 INFO  miktex - miktex-fc-cache: succeeded
2023-10-06 18:33:25,850+0300 WARN  miktex.core - still open: C:\Users\andre\Desktop\MikTex\texmfs\install\fontconfig/config\fonts.conf.in
2023-10-06 18:33:25,850+0300 WARN  miktex.core - still open: C:\Users\andre\Desktop\MikTex\texmfs/config\fontconfig\config\fonts.conf
2023-10-06 18:33:25,850+0300 INFO  miktex - this process (11752) finishes with exit code 0
2023-10-06 18:33:26,159+0300 INFO  miktex - this is One MiKTeX Utility 1.8 (MiKTeX 23.10 Portable)
2023-10-06 18:33:26,159+0300 INFO  miktex - this process (15800) started by miktex-portable in directory C:\Users\andre\Desktop with command line: miktex --disable-installer --verbose languages configure
2023-10-06 18:33:26,159+0300 INFO  miktex - Creating language.dat, language.dat.lua and language.def...
2023-10-06 18:33:26,251+0300 INFO  miktex - this process (15800) finishes with exit code 0
2023-10-06 18:33:27,265+0300 INFO  miktex - this is One MiKTeX Utility 1.8 (MiKTeX 23.10 Portable)
2023-10-06 18:33:27,265+0300 INFO  miktex - this process (2404) started by miktex-portable in directory C:\Users\andre\Desktop with command line: miktex --disable-installer --verbose fndb refresh
2023-10-06 18:33:27,321+0300 INFO  miktex - Creating FNDB for common root directory (C:\Users\andre\Desktop\MikTex\texmfs\config)...
2023-10-06 18:33:27,339+0300 INFO  miktex - Creating FNDB for common root directory (C:\Users\andre\Desktop\MikTex\texmfs\data)...
2023-10-06 18:33:27,355+0300 INFO  miktex - Creating FNDB for common root directory (C:\Users\andre\Desktop\MikTex\texmfs\install)...
2023-10-06 18:33:29,868+0300 WARN  miktex.packagemanager - dependency problem: showframe is required by _miktex-latex-packages
2023-10-06 18:33:29,868+0300 WARN  miktex.packagemanager - dependency problem: thailatex is required by _miktex-latex-packages
2023-10-06 18:33:29,931+0300 INFO  miktex - Refreshing FNDB for MPM...
2023-10-06 18:33:32,915+0300 INFO  miktex - this process (2404) finishes with exit code 0
2023-10-06 18:34:18,492+0300 INFO  miktex - this is One MiKTeX Utility 1.8 (MiKTeX 23.10 Portable)
2023-10-06 18:34:18,492+0300 INFO  miktex - this process (14232) started by miktex-console in directory C:\Users\andre\Desktop\MikTex with command line: miktex fontmaps configure
2023-10-06 18:34:18,492+0300 INFO  miktex - Parsing configuration file C:\Users\andre\Desktop\MikTex\texmfs\install\miktex/config\updmap.cfg...
2023-10-06 18:34:18,652+0300 INFO  miktex - Writing C:\Users\andre\Desktop\MikTex\texmfs/data\fonts\map\dvipdfmx\kanjix.map...
2023-10-06 18:34:18,654+0300 INFO  miktex - Writing C:\Users\andre\Desktop\MikTex\texmfs/data\fonts\map\dvips\builtin35.map...
2023-10-06 18:34:18,656+0300 INFO  miktex - Writing C:\Users\andre\Desktop\MikTex\texmfs/data\fonts\map\dvips\download35.map...
2023-10-06 18:34:18,660+0300 INFO  miktex - Writing C:\Users\andre\Desktop\MikTex\texmfs/data\fonts\map\dvips\ps2pk.map...
2023-10-06 18:34:18,670+0300 INFO  miktex - Writing C:\Users\andre\Desktop\MikTex\texmfs/data\fonts\map\dvips\psfonts_pk.map...
2023-10-06 18:34:18,679+0300 INFO  miktex - Writing C:\Users\andre\Desktop\MikTex\texmfs/data\fonts\map\dvips\psfonts_t1.map...
2023-10-06 18:34:18,690+0300 INFO  miktex - Writing C:\Users\andre\Desktop\MikTex\texmfs/data\fonts\map\pdftex\pdftex_dl14.map...
2023-10-06 18:34:18,701+0300 INFO  miktex - Writing C:\Users\andre\Desktop\MikTex\texmfs/data\fonts\map\pdftex\pdftex_ndl14.map...
2023-10-06 18:34:18,711+0300 INFO  miktex - Copying C:\Users\andre\Desktop\MikTex\texmfs/data\fonts\map\dvips\psfonts_t1.map
2023-10-06 18:34:18,711+0300 INFO  miktex -      to C:\Users\andre\Desktop\MikTex\texmfs/data\fonts\map\dvips\psfonts.map...
2023-10-06 18:34:18,714+0300 INFO  miktex - Copying C:\Users\andre\Desktop\MikTex\texmfs/data\fonts\map\pdftex\pdftex_dl14.map
2023-10-06 18:34:18,714+0300 INFO  miktex -      to C:\Users\andre\Desktop\MikTex\texmfs/data\fonts\map\pdftex\pdftex.map...
2023-10-06 18:34:18,723+0300 INFO  miktex - running: miktex-fc-cache --miktex-disable-maintenance --miktex-disable-diagnose
2023-10-06 18:34:18,723+0300 INFO  miktex.core - start process: miktex-fc-cache --miktex-disable-maintenance --miktex-disable-diagnose
2023-10-06 18:34:19,255+0300 WARN  miktex.core - still open: C:\Users\andre\Desktop\MikTex\texmfs\install\fontconfig/config\fonts.conf.in
2023-10-06 18:34:19,255+0300 WARN  miktex.core - still open: C:\Users\andre\Desktop\MikTex\texmfs/config\fontconfig\config\fonts.conf
2023-10-06 18:34:19,255+0300 INFO  miktex - this process (14232) finishes with exit code 0
2023-10-06 18:35:07,448+0300 INFO  miktex - this is One MiKTeX Utility 1.8 (MiKTeX 23.10 Portable)
2023-10-06 18:35:07,448+0300 INFO  miktex - this process (2652) started by miktex-console in directory C:\Users\andre\Desktop\MikTex with command line: miktex fontmaps configure
2023-10-06 18:35:07,449+0300 INFO  miktex - Parsing configuration file C:\Users\andre\Desktop\MikTex\texmfs\install\miktex/config\updmap.cfg...
2023-10-06 18:35:07,615+0300 INFO  miktex - Writing C:\Users\andre\Desktop\MikTex\texmfs/data\fonts\map\dvipdfmx\kanjix.map...
2023-10-06 18:35:07,616+0300 INFO  miktex - Writing C:\Users\andre\Desktop\MikTex\texmfs/data\fonts\map\dvips\builtin35.map...
2023-10-06 18:35:07,619+0300 INFO  miktex - Writing C:\Users\andre\Desktop\MikTex\texmfs/data\fonts\map\dvips\download35.map...
2023-10-06 18:35:07,622+0300 INFO  miktex - Writing C:\Users\andre\Desktop\MikTex\texmfs/data\fonts\map\dvips\ps2pk.map...
2023-10-06 18:35:07,632+0300 INFO  miktex - Writing C:\Users\andre\Desktop\MikTex\texmfs/data\fonts\map\dvips\psfonts_pk.map...
2023-10-06 18:35:07,641+0300 INFO  miktex - Writing C:\Users\andre\Desktop\MikTex\texmfs/data\fonts\map\dvips\psfonts_t1.map...
2023-10-06 18:35:07,651+0300 INFO  miktex - Writing C:\Users\andre\Desktop\MikTex\texmfs/data\fonts\map\pdftex\pdftex_dl14.map...
2023-10-06 18:35:07,662+0300 INFO  miktex - Writing C:\Users\andre\Desktop\MikTex\texmfs/data\fonts\map\pdftex\pdftex_ndl14.map...
2023-10-06 18:35:07,672+0300 INFO  miktex - Copying C:\Users\andre\Desktop\MikTex\texmfs/data\fonts\map\dvips\psfonts_t1.map
2023-10-06 18:35:07,672+0300 INFO  miktex -      to C:\Users\andre\Desktop\MikTex\texmfs/data\fonts\map\dvips\psfonts.map...
2023-10-06 18:35:07,674+0300 INFO  miktex - Copying C:\Users\andre\Desktop\MikTex\texmfs/data\fonts\map\pdftex\pdftex_dl14.map
2023-10-06 18:35:07,674+0300 INFO  miktex -      to C:\Users\andre\Desktop\MikTex\texmfs/data\fonts\map\pdftex\pdftex.map...
2023-10-06 18:35:07,683+0300 INFO  miktex - running: miktex-fc-cache --miktex-disable-maintenance --miktex-disable-diagnose
2023-10-06 18:35:07,683+0300 INFO  miktex.core - start process: miktex-fc-cache --miktex-disable-maintenance --miktex-disable-diagnose
2023-10-06 18:35:08,161+0300 WARN  miktex.core - still open: C:\Users\andre\Desktop\MikTex\texmfs\install\fontconfig/config\fonts.conf.in
2023-10-06 18:35:08,161+0300 WARN  miktex.core - still open: C:\Users\andre\Desktop\MikTex\texmfs/config\fontconfig\config\fonts.conf
2023-10-06 18:35:08,161+0300 INFO  miktex - this process (2652) finishes with exit code 0
2023-10-06 18:59:18,514+0300 INFO  miktex - this is One MiKTeX Utility 1.8 (MiKTeX 23.10 Portable)
2023-10-06 18:59:18,515+0300 INFO  miktex - this process (5028) started by miktex-console in directory C:\Users\andre\Desktop\RO2030\CVMaker\Parser with command line: miktex fontmaps configure
2023-10-06 18:59:18,515+0300 INFO  miktex - Parsing configuration file C:\Users\andre\Desktop\RO2030\CVMaker\Parser\MikTex\texmfs\install\miktex/config\updmap.cfg...
2023-10-06 18:59:18,686+0300 INFO  miktex - Writing C:\Users\andre\Desktop\RO2030\CVMaker\Parser\MikTex\texmfs/data\fonts\map\dvipdfmx\kanjix.map...
2023-10-06 18:59:18,687+0300 INFO  miktex - Writing C:\Users\andre\Desktop\RO2030\CVMaker\Parser\MikTex\texmfs/data\fonts\map\dvips\builtin35.map...
2023-10-06 18:59:18,691+0300 INFO  miktex - Writing C:\Users\andre\Desktop\RO2030\CVMaker\Parser\MikTex\texmfs/data\fonts\map\dvips\download35.map...
2023-10-06 18:59:18,695+0300 INFO  miktex - Writing C:\Users\andre\Desktop\RO2030\CVMaker\Parser\MikTex\texmfs/data\fonts\map\dvips\ps2pk.map...
2023-10-06 18:59:18,707+0300 INFO  miktex - Writing C:\Users\andre\Desktop\RO2030\CVMaker\Parser\MikTex\texmfs/data\fonts\map\dvips\psfonts_pk.map...
2023-10-06 18:59:18,717+0300 INFO  miktex - Writing C:\Users\andre\Desktop\RO2030\CVMaker\Parser\MikTex\texmfs/data\fonts\map\dvips\psfonts_t1.map...
2023-10-06 18:59:18,729+0300 INFO  miktex - Writing C:\Users\andre\Desktop\RO2030\CVMaker\Parser\MikTex\texmfs/data\fonts\map\pdftex\pdftex_dl14.map...
2023-10-06 18:59:18,741+0300 INFO  miktex - Writing C:\Users\andre\Desktop\RO2030\CVMaker\Parser\MikTex\texmfs/data\fonts\map\pdftex\pdftex_ndl14.map...
2023-10-06 18:59:18,752+0300 INFO  miktex - Copying C:\Users\andre\Desktop\RO2030\CVMaker\Parser\MikTex\texmfs/data\fonts\map\dvips\psfonts_t1.map
2023-10-06 18:59:18,752+0300 INFO  miktex -      to C:\Users\andre\Desktop\RO2030\CVMaker\Parser\MikTex\texmfs/data\fonts\map\dvips\psfonts.map...
2023-10-06 18:59:18,755+0300 INFO  miktex - Copying C:\Users\andre\Desktop\RO2030\CVMaker\Parser\MikTex\texmfs/data\fonts\map\pdftex\pdftex_dl14.map
2023-10-06 18:59:18,755+0300 INFO  miktex -      to C:\Users\andre\Desktop\RO2030\CVMaker\Parser\MikTex\texmfs/data\fonts\map\pdftex\pdftex.map...
2023-10-06 18:59:18,764+0300 INFO  miktex - running: miktex-fc-cache --miktex-disable-maintenance --miktex-disable-diagnose
2023-10-06 18:59:18,764+0300 INFO  miktex.core - start process: miktex-fc-cache --miktex-disable-maintenance --miktex-disable-diagnose
2023-10-06 18:59:19,500+0300 WARN  miktex.core - still open: C:\Users\andre\Desktop\RO2030\CVMaker\Parser\MikTex\texmfs\install\fontconfig/config\fonts.conf.in
2023-10-06 18:59:19,500+0300 WARN  miktex.core - still open: C:\Users\andre\Desktop\RO2030\CVMaker\Parser\MikTex\texmfs/config\fontconfig\config\fonts.conf
2023-10-06 18:59:19,500+0300 INFO  miktex - this process (5028) finishes with exit code 0
2023-10-06 19:17:58,511+0300 INFO  miktex - this is One MiKTeX Utility 1.8 (MiKTeX 23.10 Portable)
2023-10-06 19:17:58,512+0300 INFO  miktex - this process (15592) started by pdflatex in directory C:\Users\andre\Desktop\RO2030\CVMaker\Parser with command line: miktex --enable-installer formats build pdflatex --engine pdftex
2023-10-06 19:17:58,514+0300 INFO  miktex - Building format 'pdflatex' with engine 'pdftex'...
2023-10-06 19:17:58,515+0300 INFO  miktex.core - start process: miktex-makefmt.exe --engine=pdftex --dest-name=pdflatex --no-dump pdflatex.ini --engine-option=-tcx=cp227.tcx --enable-installer --miktex-disable-maintenance --miktex-disable-diagnose
2023-10-06 19:18:08,954+0300 INFO  miktex - this process (15592) finishes with exit code 0
