+changes.txt;doc/latex/parskip;
+parskip-code.pdf;doc/latex/parskip;
+parskip-2001-04-09.sty;tex/latex/parskip;
+parskip.pdf;doc/latex/parskip;
+README.md;doc/latex/parskip;
+parskip-src.tar.xz;source;
+parskip.sty;tex/latex/parskip;
+parskip.tpm;tpm/packages;
+kvoptions.sty;tex/latex/kvoptions;
+example-mycolorsetup.sty;tex/latex/kvoptions;
+kvoptions-patch.sty;tex/latex/kvoptions;
+kvoptions.tpm;tpm/packages;
+README.md;doc/generic/ltxcmds;
+ltxcmds.pdf;doc/generic/ltxcmds;
+ltxcmds.sty;tex/generic/ltxcmds;
+ltxcmds-src.tar.xz;source;
+ltxcmds.tpm;tpm/packages;
+kvsetkeys.sty;tex/latex/kvsetkeys;
+kvsetkeys.tpm;tpm/packages;
+infwarerr.pdf;doc/latex/infwarerr;
+infwarerr-src.tar.xz;source;
+README.md;doc/latex/infwarerr;
+infwarerr.sty;tex/generic/infwarerr;
+infwarerr.tpm;tpm/packages;
+kvdefinekeys.pdf;doc/latex/kvdefinekeys;
+kvdefinekeys-src.tar.xz;source;
+README.md;doc/latex/kvdefinekeys;
+kvdefinekeys.sty;tex/generic/kvdefinekeys;
+kvdefinekeys.tpm;tpm/packages;
+pdfescape.pdf;doc/latex/pdfescape;
+README.md;doc/latex/pdfescape;
+pdfescape-src.tar.xz;source;
+pdfescape.sty;tex/generic/pdfescape;
+pdfescape.tpm;tpm/packages;
+hycolor.pdf;doc/latex/hycolor;
+hycolor-src.tar.xz;source;
+README.md;doc/latex/hycolor;
+hycolor.sty;tex/latex/hycolor;
+xcolor-patch.sty;tex/latex/hycolor;
+hycolor.tpm;tpm/packages;
+README.md;doc/latex/letltxmacro;
+letltxmacro.pdf;doc/latex/letltxmacro;
+letltxmacro-showcases.tex;doc/latex/letltxmacro;
+letltxmacro-src.tar.xz;source;
+letltxmacro.tpm;tpm/packages;
+letltxmacro.sty;tex/latex/letltxmacro;
+auxhook.pdf;doc/latex/auxhook;
+README.md;doc/latex/auxhook;
+auxhook-src.tar.xz;source;
+auxhook.sty;tex/latex/auxhook;
+auxhook.tpm;tpm/packages;
+README.md;doc/latex/refcount;
+refcount.tpm;tpm/packages;
+refcount.pdf;doc/latex/refcount;
+refcount.sty;tex/latex/refcount;
+refcount-src.tar.xz;source;
+gettitlestring.pdf;doc/latex/gettitlestring;
+README.md;doc/latex/gettitlestring;
+gettitlestring-src.tar.xz;source;
+gettitlestring.sty;tex/generic/gettitlestring;
+gettitlestring.tpm;tpm/packages;
+intcalc.pdf;doc/latex/intcalc;
+README.md;doc/latex/intcalc;
+intcalc-src.tar.xz;source;
+intcalc.sty;tex/generic/intcalc;
+intcalc.tpm;tpm/packages;
+bitset.pdf;doc/latex/bitset;
+README.md;doc/latex/bitset;
+bitset-src.tar.xz;source;
+bitset.sty;tex/generic/bitset;
+bitset.tpm;tpm/packages;
+bigintcalc.pdf;doc/latex/bigintcalc;
+bigintcalc-src.tar.xz;source;
+README.md;doc/latex/bigintcalc;
+bigintcalc.tpm;tpm/packages;
+bigintcalc.sty;tex/generic/bigintcalc;
+rerunfilecheck.sty;tex/latex/rerunfilecheck;
+rerunfilecheck.tpm;tpm/packages;
+uniquecounter-example.tex;doc/latex/uniquecounter;
+README.md;doc/latex/uniquecounter;
+uniquecounter.pdf;doc/latex/uniquecounter;
+uniquecounter-src.tar.xz;source;
+uniquecounter.sty;tex/generic/uniquecounter;
+uniquecounter.tpm;tpm/packages;
+changes.txt;doc/latex/geometry;
+geometry-de.pdf;doc/latex/geometry;
+geometry.tpm;tpm/packages;
+geometry.pdf;doc/latex/geometry;
+geometry.cfg;tex/latex/geometry;
+README.md;doc/latex/geometry;
+geometry.sty;tex/latex/geometry;
+geometry-src.tar.xz;source;
